TN:
SF:src\index.js
FN:9,(anonymous_0)
FN:14,init
FNF:2
FNH:2
FNDA:2,(anonymous_0)
FNDA:74,init
DA:5,1
DA:8,1
DA:10,2
DA:15,74
DA:18,1
DA:19,1
DA:21,1
DA:22,1
LF:8
LH:8
BRDA:9,0,0,0
BRDA:21,1,0,1
BRDA:21,1,1,0
BRF:3
BRH:1
end_of_record
TN:
SF:src\core\Animate.js
FN:9,(anonymous_0)
FN:22,(anonymous_1)
FN:31,(anonymous_2)
FN:43,(anonymous_3)
FN:57,(anonymous_4)
FN:76,(anonymous_5)
FN:105,(anonymous_6)
FN:142,(anonymous_7)
FN:151,(anonymous_8)
FNF:9
FNH:9
FNDA:1,(anonymous_0)
FNDA:74,(anonymous_1)
FNDA:72,(anonymous_2)
FNDA:74,(anonymous_3)
FNDA:1,(anonymous_4)
FNDA:920,(anonymous_5)
FNDA:919,(anonymous_6)
FNDA:67,(anonymous_7)
FNDA:63,(anonymous_8)
DA:10,1
DA:13,1
DA:14,1
DA:23,74
DA:32,72
DA:34,72
DA:35,7
DA:36,4
DA:39,68
DA:44,74
DA:45,2
DA:47,72
DA:49,72
DA:50,68
DA:53,4
DA:58,1
DA:59,1
DA:60,1
DA:61,1
DA:64,0
DA:77,920
DA:78,920
DA:79,920
DA:80,920
DA:81,920
DA:82,920
DA:83,920
DA:85,920
DA:87,920
DA:90,969
DA:92,969
DA:94,969
DA:97,920
DA:109,919
DA:110,920
DA:113,920
DA:115,69
DA:118,69
DA:120,67
DA:121,67
DA:124,69
DA:125,68
DA:131,919
DA:132,63
DA:133,63
DA:136,856
DA:143,67
DA:144,63
DA:152,63
DA:153,63
DA:157,1
DA:158,1
DA:159,1
DA:160,1
DA:161,1
LF:55
LH:54
BRDA:23,0,0,73
BRDA:23,0,1,1
BRDA:23,1,0,1
BRDA:23,1,1,1
BRDA:23,1,2,1
BRDA:35,2,0,4
BRDA:35,2,1,3
BRDA:43,3,0,6
BRDA:44,4,0,2
BRDA:44,4,1,72
BRDA:49,5,0,68
BRDA:49,5,1,4
BRDA:58,6,0,1
BRDA:58,6,1,0
BRDA:60,7,0,1
BRDA:60,7,1,0
BRDA:85,8,0,68
BRDA:85,8,1,852
BRDA:113,9,0,69
BRDA:113,9,1,851
BRDA:115,10,0,68
BRDA:115,10,1,1
BRDA:118,11,0,67
BRDA:118,11,1,2
BRDA:124,12,0,68
BRDA:124,12,1,1
BRDA:131,13,0,63
BRDA:131,13,1,856
BRDA:143,14,0,63
BRDA:143,14,1,4
BRF:30
BRH:28
end_of_record
TN:
SF:src\core\AnimateInstance.js
FN:22,(anonymous_0)
FN:38,(anonymous_1)
FN:58,(anonymous_2)
FN:66,(anonymous_3)
FN:75,(anonymous_4)
FN:84,(anonymous_5)
FN:106,(anonymous_6)
FN:122,(anonymous_7)
FN:145,(anonymous_8)
FN:221,(anonymous_9)
FN:236,(anonymous_10)
FNF:11
FNH:11
FNDA:68,(anonymous_0)
FNDA:72,(anonymous_1)
FNDA:72,(anonymous_2)
FNDA:2,(anonymous_3)
FNDA:1057,(anonymous_4)
FNDA:71,(anonymous_5)
FNDA:71,(anonymous_6)
FNDA:71,(anonymous_7)
FNDA:72,(anonymous_8)
FNDA:2,(anonymous_9)
FNDA:71,(anonymous_10)
DA:6,1
DA:24,68
DA:26,68
DA:28,68
DA:30,68
DA:32,68
DA:39,72
DA:41,8
DA:42,1
DA:45,7
DA:46,7
DA:59,72
DA:60,72
DA:62,72
DA:65,72
DA:66,2
DA:67,2
DA:70,70
DA:76,1057
DA:85,71
DA:87,71
DA:88,4
DA:91,67
DA:92,67
DA:93,67
DA:94,67
DA:95,67
DA:98,71
DA:107,71
DA:108,1
DA:111,70
DA:112,3
DA:115,67
DA:124,71
DA:125,2
DA:128,69
DA:129,69
DA:131,69
DA:132,4
DA:135,69
DA:136,69
DA:146,72
DA:147,72
DA:148,72
DA:149,72
DA:150,72
DA:151,72
DA:152,72
DA:156,72
DA:157,1
DA:161,71
DA:162,145
DA:163,145
DA:164,73
DA:166,73
DA:169,73
DA:173,73
DA:174,4
DA:175,4
DA:178,73
DA:179,22
DA:181,51
DA:184,73
DA:187,145
DA:191,71
DA:194,71
DA:196,71
DA:197,71
DA:198,71
DA:199,71
DA:202,71
DA:203,68
DA:207,71
DA:209,71
DA:211,2
DA:212,2
DA:222,2
DA:224,8
DA:225,0
DA:227,8
DA:238,71
DA:239,71
DA:242,71
DA:243,66
DA:244,66
DA:245,66
DA:248,5
DA:250,5
DA:254,1
DA:255,1
LF:90
LH:89
BRDA:39,0,0,8
BRDA:39,0,1,64
BRDA:41,1,0,1
BRDA:41,1,1,7
BRDA:60,2,0,68
BRDA:60,2,1,4
BRDA:65,3,0,2
BRDA:65,3,1,70
BRDA:65,4,0,72
BRDA:65,4,1,70
BRDA:87,5,0,4
BRDA:87,5,1,67
BRDA:107,6,0,1
BRDA:107,6,1,70
BRDA:111,7,0,3
BRDA:111,7,1,67
BRDA:111,8,0,70
BRDA:111,8,1,70
BRDA:122,9,0,69
BRDA:124,10,0,2
BRDA:124,10,1,69
BRDA:124,11,0,71
BRDA:124,11,1,4
BRDA:131,12,0,4
BRDA:131,12,1,65
BRDA:156,13,0,1
BRDA:156,13,1,71
BRDA:163,14,0,73
BRDA:163,14,1,72
BRDA:163,15,0,145
BRDA:163,15,1,72
BRDA:164,16,0,22
BRDA:164,16,1,51
BRDA:164,17,0,22
BRDA:164,17,1,0
BRDA:166,18,0,73
BRDA:166,18,1,51
BRDA:173,19,0,4
BRDA:173,19,1,69
BRDA:178,20,0,22
BRDA:178,20,1,51
BRDA:194,21,0,4
BRDA:194,21,1,67
BRDA:198,22,0,49
BRDA:198,22,1,22
BRDA:198,23,0,2
BRDA:198,23,1,20
BRDA:202,24,0,68
BRDA:202,24,1,3
BRDA:209,25,0,2
BRDA:209,25,1,69
BRDA:211,26,0,2
BRDA:211,26,1,0
BRDA:224,27,0,0
BRDA:224,27,1,8
BRDA:238,28,0,71
BRDA:238,28,1,66
BRDA:242,29,0,66
BRDA:242,29,1,5
BRDA:242,30,0,71
BRDA:242,30,1,5
BRF:61
BRH:58
end_of_record
TN:
SF:src\extension\extends.js
FN:10,(anonymous_0)
FN:28,(anonymous_1)
FN:35,(anonymous_2)
FN:36,(anonymous_3)
FN:38,(anonymous_4)
FN:46,(anonymous_5)
FN:49,(anonymous_6)
FN:57,(anonymous_7)
FN:64,(anonymous_8)
FN:67,(anonymous_9)
FN:99,(anonymous_10)
FN:127,(anonymous_11)
FN:133,(anonymous_12)
FN:140,(anonymous_13)
FNF:14
FNH:13
FNDA:2,(anonymous_0)
FNDA:1,(anonymous_1)
FNDA:3,(anonymous_2)
FNDA:3,(anonymous_3)
FNDA:3,(anonymous_4)
FNDA:0,(anonymous_5)
FNDA:3,(anonymous_6)
FNDA:3,(anonymous_7)
FNDA:1,(anonymous_8)
FNDA:3,(anonymous_9)
FNDA:46,(anonymous_10)
FNDA:46,(anonymous_11)
FNDA:42,(anonymous_12)
FNDA:52,(anonymous_13)
DA:11,2
DA:12,2
DA:13,2
DA:15,2
DA:17,2
DA:19,1
DA:20,1
DA:21,1
DA:22,1
DA:23,1
DA:25,1
DA:29,1
DA:30,1
DA:31,1
DA:33,1
DA:35,3
DA:36,3
DA:38,3
DA:40,3
DA:41,3
DA:44,1
DA:46,1
DA:51,3
DA:52,0
DA:54,3
DA:59,3
DA:60,0
DA:61,3
DA:63,3
DA:64,3
DA:69,3
DA:71,3
DA:72,3
DA:74,0
DA:78,3
DA:80,3
DA:83,3
DA:84,0
DA:87,3
DA:89,3
DA:91,3
DA:95,3
DA:100,46
DA:101,46
DA:104,46
DA:105,138
DA:108,46
DA:109,43
DA:113,46
DA:114,15
DA:117,46
DA:118,46
DA:120,46
DA:122,46
DA:124,46
DA:128,46
DA:129,46
DA:130,46
DA:131,43
DA:132,46
DA:133,46
DA:141,52
DA:142,49
DA:143,49
LF:64
LH:60
BRDA:10,0,0,0
BRDA:17,1,0,1
BRDA:17,1,1,1
BRDA:21,2,0,1
BRDA:21,2,1,0
BRDA:22,3,0,1
BRDA:22,3,1,0
BRDA:49,4,0,0
BRDA:51,5,0,3
BRDA:51,5,1,0
BRDA:57,6,0,0
BRDA:59,7,0,3
BRDA:59,7,1,0
BRDA:67,8,0,0
BRDA:69,9,0,3
BRDA:69,9,1,0
BRDA:71,10,0,3
BRDA:71,10,1,0
BRDA:78,11,0,0
BRDA:78,11,1,3
BRDA:83,12,0,0
BRDA:83,12,1,3
BRDA:91,13,0,1
BRDA:91,13,1,2
BRDA:99,14,0,43
BRDA:108,15,0,43
BRDA:108,15,1,3
BRDA:113,16,0,15
BRDA:113,16,1,31
BRDA:130,17,0,43
BRDA:130,17,1,3
BRDA:141,18,0,3
BRDA:141,18,1,49
BRF:33
BRH:21
end_of_record
TN:
SF:src\extension\predefined-animate.js
FN:6,(anonymous_0)
FN:13,(anonymous_1)
FN:19,(anonymous_2)
FN:23,(anonymous_3)
FN:38,(anonymous_4)
FN:59,(anonymous_5)
FNF:6
FNH:6
FNDA:1,(anonymous_0)
FNDA:1,(anonymous_1)
FNDA:2,(anonymous_2)
FNDA:1,(anonymous_3)
FNDA:2,(anonymous_4)
FNDA:2,(anonymous_5)
DA:3,1
DA:7,1
DA:8,1
DA:14,1
DA:15,1
DA:20,2
DA:24,1
DA:25,1
DA:28,1
DA:29,1
DA:30,1
DA:33,1
DA:34,1
DA:39,2
DA:40,2
DA:42,2
DA:43,1
DA:46,2
DA:47,1
DA:48,1
DA:49,1
DA:51,2
DA:60,2
DA:61,2
DA:63,2
DA:64,1
DA:66,1
DA:67,1
LF:28
LH:28
BRDA:7,0,0,1
BRDA:7,0,1,0
BRDA:14,1,0,1
BRDA:14,1,1,0
BRDA:20,2,0,1
BRDA:20,2,1,1
BRDA:28,3,0,1
BRDA:28,3,1,0
BRDA:33,4,0,1
BRDA:33,4,1,0
BRDA:42,5,0,1
BRDA:42,5,1,1
BRDA:43,6,0,1
BRDA:43,6,1,1
BRDA:46,7,0,1
BRDA:46,7,1,1
BRDA:63,8,0,1
BRDA:63,8,1,1
BRDA:63,9,0,2
BRDA:63,9,1,1
BRDA:66,10,0,1
BRDA:66,10,1,0
BRF:22
BRH:17
end_of_record
TN:
SF:src\utile\add-handler.js
FN:1,(anonymous_0)
FNF:1
FNH:1
FNDA:10,(anonymous_0)
DA:2,10
DA:4,10
DA:5,0
DA:7,0
DA:10,0
LF:5
LH:2
BRDA:1,0,0,7
BRDA:2,1,0,10
BRDA:2,1,1,0
BRDA:5,2,0,0
BRDA:5,2,1,0
BRF:5
BRH:2
end_of_record
TN:
SF:src\utile\compatibility.js
FN:32,(anonymous_0)
FN:34,(anonymous_1)
FN:54,(anonymous_2)
FN:55,(anonymous_3)
FN:66,(anonymous_4)
FN:74,(anonymous_5)
FNF:6
FNH:1
FNDA:1,(anonymous_0)
FNDA:0,(anonymous_1)
FNDA:0,(anonymous_2)
FNDA:0,(anonymous_3)
FNDA:0,(anonymous_4)
FNDA:0,(anonymous_5)
DA:32,1
DA:33,1
DA:34,0
DA:35,0
DA:39,1
DA:40,1
DA:41,1
DA:43,1
DA:44,1
DA:45,2
DA:46,2
DA:47,2
DA:53,1
DA:54,1
DA:55,0
DA:56,0
DA:57,0
DA:62,1
DA:63,1
DA:66,1
DA:67,0
DA:68,0
DA:69,0
DA:73,1
DA:74,1
DA:75,0
DA:77,0
DA:78,0
DA:80,0
LF:29
LH:17
BRDA:33,0,0,0
BRDA:33,0,1,1
BRDA:43,1,0,1
BRDA:43,1,1,0
BRDA:47,2,0,2
BRDA:47,2,1,2
BRDA:53,3,0,1
BRDA:53,3,1,0
BRDA:53,4,0,1
BRDA:53,4,1,1
BRDA:53,4,2,0
BRDA:73,5,0,1
BRDA:73,5,1,0
BRDA:75,6,0,0
BRDA:75,6,1,0
BRDA:78,7,0,0
BRDA:78,7,1,0
BRF:17
BRH:8
end_of_record
TN:
SF:src\utile\css.js
FN:3,(anonymous_0)
FN:20,(anonymous_1)
FNF:2
FNH:2
FNDA:159,(anonymous_0)
FNDA:1218,(anonymous_1)
DA:1,1
DA:4,159
DA:5,159
DA:8,0
DA:21,1218
DA:23,1218
DA:26,153
DA:27,0
DA:30,153
DA:33,153
DA:34,1
DA:36,1
DA:37,1
DA:38,1
DA:39,1
DA:40,1
DA:43,153
DA:44,0
DA:47,1065
DA:48,0
DA:49,0
DA:51,1065
DA:52,1065
LF:23
LH:18
BRDA:3,0,0,154
BRDA:4,1,0,159
BRDA:4,1,1,0
BRDA:5,2,0,72
BRDA:5,2,1,87
BRDA:6,3,0,82
BRDA:6,3,1,5
BRDA:8,4,0,0
BRDA:8,4,1,0
BRDA:9,5,0,0
BRDA:9,5,1,0
BRDA:23,6,0,72
BRDA:23,6,1,153
BRDA:23,6,2,1065
BRDA:26,7,0,0
BRDA:26,7,1,153
BRDA:33,8,0,1
BRDA:33,8,1,152
BRDA:33,9,0,153
BRDA:33,9,1,73
BRDA:33,9,2,72
BRDA:47,10,0,0
BRDA:47,10,1,1065
BRF:23
BRH:16
end_of_record
TN:
SF:src\utile\easing.js
FN:3,(anonymous_0)
FN:6,(anonymous_1)
FN:9,(anonymous_2)
FN:12,(anonymous_3)
FN:15,(anonymous_4)
FN:19,(anonymous_5)
FNF:6
FNH:6
FNDA:43,(anonymous_0)
FNDA:43,(anonymous_1)
FNDA:43,(anonymous_2)
FNDA:797,(anonymous_3)
FNDA:43,(anonymous_4)
FNDA:840,(anonymous_5)
DA:4,43
DA:7,43
DA:10,43
DA:13,797
DA:16,43
DA:17,43
DA:20,840
LF:7
LH:7
BRDA:20,0,0,43
BRDA:20,0,1,797
BRF:2
BRH:2
end_of_record
TN:
SF:src\utile\macro.js
FNF:0
FNH:0
DA:1,1
DA:2,1
DA:3,1
DA:6,1
LF:4
LH:4
BRDA:6,0,0,1
BRDA:6,0,1,0
BRDA:7,1,0,1
BRDA:7,1,1,1
BRF:4
BRH:3
end_of_record
