TN:
SF:src\banner-animation.js
FN:5,(anonymous_0)
FNF:1
FNH:1
FNDA:2,(anonymous_0)
DA:4,1
DA:6,2
LF:2
LH:2
BRDA:5,0,0,0
BRF:1
BRH:0
end_of_record
TN:
SF:src\index.js
FN:6,init
FNF:1
FNH:1
FNDA:75,init
DA:4,1
DA:7,75
DA:10,1
DA:12,1
DA:13,1
LF:5
LH:5
BRDA:12,0,0,1
BRDA:12,0,1,0
BRF:2
BRH:1
end_of_record
TN:
SF:src\core\Animate.js
FN:9,(anonymous_0)
FN:23,(anonymous_1)
FN:32,(anonymous_2)
FN:44,(anonymous_3)
FN:58,(anonymous_4)
FN:80,(anonymous_5)
FN:109,(anonymous_6)
FN:146,(anonymous_7)
FN:155,(anonymous_8)
FN:164,(anonymous_9)
FNF:10
FNH:10
FNDA:1,(anonymous_0)
FNDA:75,(anonymous_1)
FNDA:73,(anonymous_2)
FNDA:75,(anonymous_3)
FNDA:1,(anonymous_4)
FNDA:923,(anonymous_5)
FNDA:922,(anonymous_6)
FNDA:68,(anonymous_7)
FNDA:63,(anonymous_8)
FNDA:1,(anonymous_9)
DA:10,1
DA:13,1
DA:14,1
DA:15,1
DA:24,75
DA:33,73
DA:35,73
DA:36,7
DA:37,4
DA:40,69
DA:45,75
DA:46,2
DA:48,73
DA:50,73
DA:51,69
DA:54,4
DA:59,1
DA:60,1
DA:61,1
DA:62,1
DA:63,1
DA:64,1
DA:68,0
DA:81,923
DA:82,923
DA:83,923
DA:84,923
DA:85,923
DA:86,923
DA:87,923
DA:89,923
DA:91,923
DA:94,976
DA:96,976
DA:98,976
DA:101,923
DA:113,922
DA:114,923
DA:117,923
DA:119,69
DA:122,69
DA:124,67
DA:125,67
DA:128,69
DA:129,68
DA:135,922
DA:136,63
DA:137,63
DA:140,859
DA:147,68
DA:148,64
DA:156,63
DA:157,63
DA:165,1
DA:166,1
DA:167,1
DA:171,1
DA:172,1
DA:173,1
DA:174,1
DA:175,1
LF:61
LH:60
BRDA:24,0,0,74
BRDA:24,0,1,1
BRDA:24,1,0,1
BRDA:24,1,1,1
BRDA:24,1,2,1
BRDA:36,2,0,4
BRDA:36,2,1,3
BRDA:44,3,0,6
BRDA:45,4,0,2
BRDA:45,4,1,73
BRDA:50,5,0,69
BRDA:50,5,1,4
BRDA:59,6,0,1
BRDA:59,6,1,0
BRDA:61,7,0,1
BRDA:61,7,1,0
BRDA:63,8,0,1
BRDA:63,8,1,0
BRDA:89,9,0,68
BRDA:89,9,1,855
BRDA:117,10,0,69
BRDA:117,10,1,854
BRDA:119,11,0,68
BRDA:119,11,1,1
BRDA:122,12,0,67
BRDA:122,12,1,2
BRDA:128,13,0,68
BRDA:128,13,1,1
BRDA:135,14,0,63
BRDA:135,14,1,859
BRDA:147,15,0,64
BRDA:147,15,1,4
BRF:32
BRH:29
end_of_record
TN:
SF:src\core\AnimateInstance.js
FN:22,(anonymous_0)
FN:38,(anonymous_1)
FN:58,(anonymous_2)
FN:66,(anonymous_3)
FN:75,(anonymous_4)
FN:84,(anonymous_5)
FN:106,(anonymous_6)
FN:122,(anonymous_7)
FN:145,(anonymous_8)
FN:221,(anonymous_9)
FN:236,(anonymous_10)
FNF:11
FNH:11
FNDA:69,(anonymous_0)
FNDA:73,(anonymous_1)
FNDA:73,(anonymous_2)
FNDA:2,(anonymous_3)
FNDA:1060,(anonymous_4)
FNDA:72,(anonymous_5)
FNDA:71,(anonymous_6)
FNDA:71,(anonymous_7)
FNDA:73,(anonymous_8)
FNDA:2,(anonymous_9)
FNDA:72,(anonymous_10)
DA:6,1
DA:24,69
DA:26,69
DA:28,69
DA:30,69
DA:32,69
DA:39,73
DA:41,8
DA:42,1
DA:45,7
DA:46,7
DA:59,73
DA:60,73
DA:62,73
DA:65,73
DA:66,2
DA:67,2
DA:70,71
DA:76,1060
DA:85,72
DA:87,72
DA:88,4
DA:91,68
DA:92,68
DA:93,68
DA:94,68
DA:95,68
DA:98,72
DA:107,71
DA:108,1
DA:111,70
DA:112,3
DA:115,67
DA:124,71
DA:125,2
DA:128,69
DA:129,69
DA:131,69
DA:132,4
DA:135,69
DA:136,69
DA:146,73
DA:147,73
DA:148,73
DA:149,73
DA:150,73
DA:151,73
DA:152,73
DA:156,73
DA:157,1
DA:161,72
DA:162,147
DA:163,147
DA:164,74
DA:166,74
DA:169,74
DA:173,74
DA:174,4
DA:175,4
DA:178,74
DA:179,22
DA:181,52
DA:184,74
DA:187,147
DA:191,72
DA:194,72
DA:196,72
DA:197,72
DA:198,72
DA:199,72
DA:202,72
DA:203,69
DA:207,72
DA:209,72
DA:211,2
DA:212,2
DA:222,2
DA:224,8
DA:225,0
DA:227,8
DA:238,72
DA:239,72
DA:242,72
DA:243,67
DA:244,67
DA:245,67
DA:248,5
DA:250,5
DA:254,1
DA:255,1
LF:90
LH:89
BRDA:39,0,0,8
BRDA:39,0,1,65
BRDA:41,1,0,1
BRDA:41,1,1,7
BRDA:60,2,0,69
BRDA:60,2,1,4
BRDA:65,3,0,2
BRDA:65,3,1,71
BRDA:65,4,0,73
BRDA:65,4,1,71
BRDA:87,5,0,4
BRDA:87,5,1,68
BRDA:107,6,0,1
BRDA:107,6,1,70
BRDA:111,7,0,3
BRDA:111,7,1,67
BRDA:111,8,0,70
BRDA:111,8,1,70
BRDA:122,9,0,69
BRDA:124,10,0,2
BRDA:124,10,1,69
BRDA:124,11,0,71
BRDA:124,11,1,4
BRDA:131,12,0,4
BRDA:131,12,1,65
BRDA:156,13,0,1
BRDA:156,13,1,72
BRDA:163,14,0,74
BRDA:163,14,1,73
BRDA:163,15,0,147
BRDA:163,15,1,73
BRDA:164,16,0,22
BRDA:164,16,1,52
BRDA:164,17,0,22
BRDA:164,17,1,0
BRDA:166,18,0,74
BRDA:166,18,1,52
BRDA:173,19,0,4
BRDA:173,19,1,70
BRDA:178,20,0,22
BRDA:178,20,1,52
BRDA:194,21,0,4
BRDA:194,21,1,68
BRDA:198,22,0,50
BRDA:198,22,1,22
BRDA:198,23,0,2
BRDA:198,23,1,20
BRDA:202,24,0,69
BRDA:202,24,1,3
BRDA:209,25,0,2
BRDA:209,25,1,70
BRDA:211,26,0,2
BRDA:211,26,1,0
BRDA:224,27,0,0
BRDA:224,27,1,8
BRDA:238,28,0,72
BRDA:238,28,1,67
BRDA:242,29,0,67
BRDA:242,29,1,5
BRDA:242,30,0,72
BRDA:242,30,1,5
BRF:61
BRH:58
end_of_record
TN:
SF:src\extension\extends.js
FN:10,(anonymous_0)
FN:28,(anonymous_1)
FN:35,(anonymous_2)
FN:36,(anonymous_3)
FN:38,(anonymous_4)
FN:46,(anonymous_5)
FN:49,(anonymous_6)
FN:57,(anonymous_7)
FN:64,(anonymous_8)
FN:67,(anonymous_9)
FN:99,(anonymous_10)
FN:127,(anonymous_11)
FN:133,(anonymous_12)
FN:140,(anonymous_13)
FNF:14
FNH:13
FNDA:2,(anonymous_0)
FNDA:1,(anonymous_1)
FNDA:3,(anonymous_2)
FNDA:3,(anonymous_3)
FNDA:3,(anonymous_4)
FNDA:0,(anonymous_5)
FNDA:3,(anonymous_6)
FNDA:3,(anonymous_7)
FNDA:1,(anonymous_8)
FNDA:3,(anonymous_9)
FNDA:47,(anonymous_10)
FNDA:46,(anonymous_11)
FNDA:43,(anonymous_12)
FNDA:52,(anonymous_13)
DA:11,2
DA:12,2
DA:13,2
DA:15,2
DA:17,2
DA:19,1
DA:20,1
DA:21,1
DA:22,1
DA:23,1
DA:25,1
DA:29,1
DA:30,1
DA:31,1
DA:33,1
DA:35,3
DA:36,3
DA:38,3
DA:40,3
DA:41,3
DA:44,1
DA:46,1
DA:51,3
DA:52,0
DA:54,3
DA:59,3
DA:60,0
DA:61,3
DA:63,3
DA:64,3
DA:69,3
DA:71,3
DA:72,3
DA:74,0
DA:78,3
DA:80,3
DA:83,3
DA:84,0
DA:87,3
DA:89,3
DA:91,3
DA:95,3
DA:100,47
DA:101,47
DA:104,47
DA:105,141
DA:108,47
DA:109,44
DA:113,47
DA:114,16
DA:117,47
DA:118,47
DA:120,47
DA:122,47
DA:124,47
DA:128,46
DA:129,46
DA:130,46
DA:131,43
DA:132,46
DA:133,46
DA:141,52
DA:142,49
DA:143,49
LF:64
LH:60
BRDA:10,0,0,0
BRDA:17,1,0,1
BRDA:17,1,1,1
BRDA:21,2,0,1
BRDA:21,2,1,0
BRDA:22,3,0,1
BRDA:22,3,1,0
BRDA:49,4,0,0
BRDA:51,5,0,3
BRDA:51,5,1,0
BRDA:57,6,0,0
BRDA:59,7,0,3
BRDA:59,7,1,0
BRDA:67,8,0,0
BRDA:69,9,0,3
BRDA:69,9,1,0
BRDA:71,10,0,3
BRDA:71,10,1,0
BRDA:78,11,0,0
BRDA:78,11,1,3
BRDA:83,12,0,0
BRDA:83,12,1,3
BRDA:91,13,0,1
BRDA:91,13,1,2
BRDA:99,14,0,44
BRDA:108,15,0,44
BRDA:108,15,1,3
BRDA:113,16,0,16
BRDA:113,16,1,31
BRDA:130,17,0,43
BRDA:130,17,1,3
BRDA:141,18,0,3
BRDA:141,18,1,49
BRF:33
BRH:21
end_of_record
TN:
SF:src\extension\predefined-animate.js
FN:6,(anonymous_0)
FN:13,(anonymous_1)
FN:19,(anonymous_2)
FN:23,(anonymous_3)
FN:38,(anonymous_4)
FN:59,(anonymous_5)
FNF:6
FNH:6
FNDA:1,(anonymous_0)
FNDA:1,(anonymous_1)
FNDA:2,(anonymous_2)
FNDA:1,(anonymous_3)
FNDA:2,(anonymous_4)
FNDA:2,(anonymous_5)
DA:3,1
DA:7,1
DA:8,1
DA:14,1
DA:15,1
DA:20,2
DA:24,1
DA:25,1
DA:28,1
DA:29,1
DA:30,1
DA:33,1
DA:34,1
DA:39,2
DA:40,2
DA:42,2
DA:43,1
DA:46,2
DA:47,1
DA:48,1
DA:49,1
DA:51,2
DA:60,2
DA:61,2
DA:63,2
DA:64,1
DA:66,1
DA:67,1
LF:28
LH:28
BRDA:7,0,0,1
BRDA:7,0,1,0
BRDA:14,1,0,1
BRDA:14,1,1,0
BRDA:20,2,0,1
BRDA:20,2,1,1
BRDA:28,3,0,1
BRDA:28,3,1,0
BRDA:33,4,0,1
BRDA:33,4,1,0
BRDA:42,5,0,1
BRDA:42,5,1,1
BRDA:43,6,0,1
BRDA:43,6,1,1
BRDA:46,7,0,1
BRDA:46,7,1,1
BRDA:63,8,0,1
BRDA:63,8,1,1
BRDA:63,9,0,2
BRDA:63,9,1,1
BRDA:66,10,0,1
BRDA:66,10,1,0
BRF:22
BRH:17
end_of_record
TN:
SF:src\utile\add-handler.js
FN:1,addHandler
FNF:1
FNH:1
FNDA:10,addHandler
DA:2,10
DA:4,10
DA:5,0
DA:7,0
DA:10,0
DA:13,1
LF:6
LH:3
BRDA:1,0,0,7
BRDA:2,1,0,10
BRDA:2,1,1,0
BRDA:5,2,0,0
BRDA:5,2,1,0
BRF:5
BRH:2
end_of_record
TN:
SF:src\utile\compatibility.js
FN:32,(anonymous_0)
FN:34,(anonymous_1)
FN:54,(anonymous_2)
FN:55,(anonymous_3)
FN:66,(anonymous_4)
FN:74,(anonymous_5)
FNF:6
FNH:1
FNDA:1,(anonymous_0)
FNDA:0,(anonymous_1)
FNDA:0,(anonymous_2)
FNDA:0,(anonymous_3)
FNDA:0,(anonymous_4)
FNDA:0,(anonymous_5)
DA:32,1
DA:33,1
DA:34,0
DA:35,0
DA:39,1
DA:40,1
DA:41,1
DA:43,1
DA:44,1
DA:45,2
DA:46,2
DA:47,2
DA:53,1
DA:54,1
DA:55,0
DA:56,0
DA:57,0
DA:62,1
DA:63,1
DA:66,1
DA:67,0
DA:68,0
DA:69,0
DA:73,1
DA:74,1
DA:75,0
DA:77,0
DA:78,0
DA:80,0
LF:29
LH:17
BRDA:33,0,0,0
BRDA:33,0,1,1
BRDA:43,1,0,1
BRDA:43,1,1,0
BRDA:47,2,0,2
BRDA:47,2,1,2
BRDA:53,3,0,1
BRDA:53,3,1,0
BRDA:53,4,0,1
BRDA:53,4,1,1
BRDA:53,4,2,0
BRDA:73,5,0,1
BRDA:73,5,1,0
BRDA:75,6,0,0
BRDA:75,6,1,0
BRDA:78,7,0,0
BRDA:78,7,1,0
BRF:17
BRH:8
end_of_record
TN:
SF:src\utile\css.js
FN:3,(anonymous_0)
FN:20,(anonymous_1)
FNF:2
FNH:2
FNDA:161,(anonymous_0)
FNDA:1228,(anonymous_1)
DA:1,1
DA:4,161
DA:5,161
DA:8,0
DA:21,1228
DA:23,1228
DA:26,155
DA:27,0
DA:30,155
DA:33,155
DA:34,1
DA:36,1
DA:37,1
DA:38,1
DA:39,1
DA:40,1
DA:43,155
DA:44,0
DA:47,1073
DA:48,0
DA:49,0
DA:51,1073
DA:52,1073
LF:23
LH:18
BRDA:3,0,0,156
BRDA:4,1,0,161
BRDA:4,1,1,0
BRDA:5,2,0,73
BRDA:5,2,1,88
BRDA:6,3,0,83
BRDA:6,3,1,5
BRDA:8,4,0,0
BRDA:8,4,1,0
BRDA:9,5,0,0
BRDA:9,5,1,0
BRDA:23,6,0,73
BRDA:23,6,1,155
BRDA:23,6,2,1073
BRDA:26,7,0,0
BRDA:26,7,1,155
BRDA:33,8,0,1
BRDA:33,8,1,154
BRDA:33,9,0,155
BRDA:33,9,1,74
BRDA:33,9,2,73
BRDA:47,10,0,0
BRDA:47,10,1,1073
BRF:23
BRH:16
end_of_record
TN:
SF:src\utile\easing.js
FN:3,(anonymous_0)
FN:6,(anonymous_1)
FN:9,(anonymous_2)
FN:12,(anonymous_3)
FN:15,(anonymous_4)
FN:19,(anonymous_5)
FNF:6
FNH:6
FNDA:43,(anonymous_0)
FNDA:43,(anonymous_1)
FNDA:43,(anonymous_2)
FNDA:804,(anonymous_3)
FNDA:43,(anonymous_4)
FNDA:847,(anonymous_5)
DA:4,43
DA:7,43
DA:10,43
DA:13,804
DA:16,43
DA:17,43
DA:20,847
LF:7
LH:7
BRDA:20,0,0,43
BRDA:20,0,1,804
BRF:2
BRH:2
end_of_record
TN:
SF:src\utile\macro.js
FNF:0
FNH:0
DA:1,1
DA:2,1
DA:3,1
DA:6,1
LF:4
LH:4
BRDA:6,0,0,1
BRDA:6,0,1,0
BRDA:7,1,0,1
BRDA:7,1,1,1
BRF:4
BRH:3
end_of_record
